Traceback (most recent call last):
  File "/mnt/ffs24/home/freem386/CMSE_PhD/athena_files/calculate_fluxes_script.py", line 225, in <module>
    fileseries = grabFileSeries(directoryname + "/", index, basename=basename)
                 ^^^^^^^^^^^^^^^^^^^^^^^^^^^^^^^^^^^^^^^^^^^^^^^^^^^^^^^^^^^^^
  File "/mnt/ffs24/home/freem386/CMSE_PhD/athena_files/calculate_fluxes_script.py", line 81, in grabFileSeries
    for f in np.arange(f0, fn + 1, step, dtype=int):
                           ~~~^~~
TypeError: can only concatenate str (not "int") to str
JobId=52123954 JobName=makeFrames
   UserId=freem386(6187794) GroupId=pa(2003) MCS_label=N/A
   Priority=60035 Nice=0 Account=general QOS=freem386
   JobState=RUNNING Reason=None Dependency=(null)
   Requeue=1 Restarts=0 BatchFlag=1 Reboot=0 ExitCode=0:0
   RunTime=00:00:14 TimeLimit=03:59:00 TimeMin=N/A
   SubmitTime=2025-03-16T19:31:05 EligibleTime=2025-03-16T19:31:05
   AccrueTime=2025-03-16T19:31:05
   StartTime=2025-03-16T19:31:10 EndTime=2025-03-16T23:30:10 Deadline=N/A
   SuspendTime=None SecsPreSuspend=0 LastSchedEval=2025-03-16T19:31:10 Scheduler=Main
   Partition=general-short AllocNode:Sid=dev-amd20:1481359
   ReqNodeList=(null) ExcNodeList=(null)
   NodeList=lac-000
   BatchHost=lac-000
   NumNodes=1 NumCPUs=1 NumTasks=1 CPUs/Task=1 ReqB:S:C:T=0:0:*:*
   ReqTRES=cpu=1,mem=32G,node=1,billing=4980
   AllocTRES=cpu=1,mem=32G,node=1,billing=4980
   Socks/Node=* NtasksPerN:B:S:C=0:0:*:* CoreSpec=*
   MinCPUsNode=1 MinMemoryCPU=32G MinTmpDiskNode=0
   Features=[intel16|intel18|(amr|acm)|nvf|nal|nif|agg|agx|(nfh|neh)|nel] DelayBoot=00:00:00
   OverSubscribe=OK Contiguous=0 Licenses=(null) Network=(null)
   Command=/mnt/ffs24/home/freem386/CMSE_PhD/athena_files/submissionCalcFluxes2.sb
   WorkDir=/mnt/ffs24/home/freem386/CMSE_PhD/athena_files
   Comment=stdout=/mnt/ffs24/home/freem386/CMSE_PhD/athena_files/slurm-52123954.out 
   StdErr=/mnt/ffs24/home/freem386/CMSE_PhD/athena_files/slurm-52123954.out
   StdIn=/dev/null
   StdOut=/mnt/ffs24/home/freem386/CMSE_PhD/athena_files/slurm-52123954.out
   TresPerTask=cpu=1
   MailUser=freem386@msu.edu MailType=INVALID_DEPEND,BEGIN,END,FAIL,REQUEUE,STAGE_OUT
   

