1
2
3
4
[1724699638.355453] [skl-105:505959:0]     ucp_context.c:1969 UCX  WARN  UCP API version is incompatible: required >= 1.16, actual 1.14.1 (loaded from /opt/software-current/2023.06/x86_64/generic/software/UCX/1.14.1-GCCcore-12.3.0/lib/libucp.so.0)
[1724699638.355481] [skl-105:505941:0]     ucp_context.c:1969 UCX  WARN  UCP API version is incompatible: required >= 1.16, actual 1.14.1 (loaded from /opt/software-current/2023.06/x86_64/generic/software/UCX/1.14.1-GCCcore-12.3.0/lib/libucp.so.0)
[1724699638.355487] [skl-105:505949:0]     ucp_context.c:1969 UCX  WARN  UCP API version is incompatible: required >= 1.16, actual 1.14.1 (loaded from /opt/software-current/2023.06/x86_64/generic/software/UCX/1.14.1-GCCcore-12.3.0/lib/libucp.so.0)
[1724699638.356306] [skl-105:505948:0]     ucp_context.c:1969 UCX  WARN  UCP API version is incompatible: required >= 1.16, actual 1.14.1 (loaded from /opt/software-current/2023.06/x86_64/generic/software/UCX/1.14.1-GCCcore-12.3.0/lib/libucp.so.0)
[1724699638.356768] [skl-105:505956:0]     ucp_context.c:1969 UCX  WARN  UCP API version is incompatible: required >= 1.16, actual 1.14.1 (loaded from /opt/software-current/2023.06/x86_64/generic/software/UCX/1.14.1-GCCcore-12.3.0/lib/libucp.so.0)
[1724699638.357670] [skl-105:505951:0]     ucp_context.c:1969 UCX  WARN  UCP API version is incompatible: required >= 1.16, actual 1.14.1 (loaded from /opt/software-current/2023.06/x86_64/generic/software/UCX/1.14.1-GCCcore-12.3.0/lib/libucp.so.0)
[1724699638.357774] [skl-105:505947:0]     ucp_context.c:1969 UCX  WARN  UCP API version is incompatible: required >= 1.16, actual 1.14.1 (loaded from /opt/software-current/2023.06/x86_64/generic/software/UCX/1.14.1-GCCcore-12.3.0/lib/libucp.so.0)
[1724699638.357862] [skl-105:505943:0]     ucp_context.c:1969 UCX  WARN  UCP API version is incompatible: required >= 1.16, actual 1.14.1 (loaded from /opt/software-current/2023.06/x86_64/generic/software/UCX/1.14.1-GCCcore-12.3.0/lib/libucp.so.0)
[1724699638.357905] [skl-105:505945:0]     ucp_context.c:1969 UCX  WARN  UCP API version is incompatible: required >= 1.16, actual 1.14.1 (loaded from /opt/software-current/2023.06/x86_64/generic/software/UCX/1.14.1-GCCcore-12.3.0/lib/libucp.so.0)
[1724699638.357944] [skl-105:505946:0]     ucp_context.c:1969 UCX  WARN  UCP API version is incompatible: required >= 1.16, actual 1.14.1 (loaded from /opt/software-current/2023.06/x86_64/generic/software/UCX/1.14.1-GCCcore-12.3.0/lib/libucp.so.0)
[1724699638.357967] [skl-105:505952:0]     ucp_context.c:1969 UCX  WARN  UCP API version is incompatible: required >= 1.16, actual 1.14.1 (loaded from /opt/software-current/2023.06/x86_64/generic/software/UCX/1.14.1-GCCcore-12.3.0/lib/libucp.so.0)
[1724699638.358071] [skl-105:505942:0]     ucp_context.c:1969 UCX  WARN  UCP API version is incompatible: required >= 1.16, actual 1.14.1 (loaded from /opt/software-current/2023.06/x86_64/generic/software/UCX/1.14.1-GCCcore-12.3.0/lib/libucp.so.0)
[1724699638.358122] [skl-105:505953:0]     ucp_context.c:1969 UCX  WARN  UCP API version is incompatible: required >= 1.16, actual 1.14.1 (loaded from /opt/software-current/2023.06/x86_64/generic/software/UCX/1.14.1-GCCcore-12.3.0/lib/libucp.so.0)
[1724699638.358137] [skl-105:505955:0]     ucp_context.c:1969 UCX  WARN  UCP API version is incompatible: required >= 1.16, actual 1.14.1 (loaded from /opt/software-current/2023.06/x86_64/generic/software/UCX/1.14.1-GCCcore-12.3.0/lib/libucp.so.0)
[1724699638.371194] [skl-105:505950:0]     ucp_context.c:1969 UCX  WARN  UCP API version is incompatible: required >= 1.16, actual 1.14.1 (loaded from /opt/software-current/2023.06/x86_64/generic/software/UCX/1.14.1-GCCcore-12.3.0/lib/libucp.so.0)
[1724699638.371268] [skl-105:505954:0]     ucp_context.c:1969 UCX  WARN  UCP API version is incompatible: required >= 1.16, actual 1.14.1 (loaded from /opt/software-current/2023.06/x86_64/generic/software/UCX/1.14.1-GCCcore-12.3.0/lib/libucp.so.0)
[1724699638.371352] [skl-105:505958:0]     ucp_context.c:1969 UCX  WARN  UCP API version is incompatible: required >= 1.16, actual 1.14.1 (loaded from /opt/software-current/2023.06/x86_64/generic/software/UCX/1.14.1-GCCcore-12.3.0/lib/libucp.so.0)
[1724699638.371405] [skl-105:505957:0]     ucp_context.c:1969 UCX  WARN  UCP API version is incompatible: required >= 1.16, actual 1.14.1 (loaded from /opt/software-current/2023.06/x86_64/generic/software/UCX/1.14.1-GCCcore-12.3.0/lib/libucp.so.0)
[1724699638.371406] [skl-105:505960:0]     ucp_context.c:1969 UCX  WARN  UCP API version is incompatible: required >= 1.16, actual 1.14.1 (loaded from /opt/software-current/2023.06/x86_64/generic/software/UCX/1.14.1-GCCcore-12.3.0/lib/libucp.so.0)
[1724699638.374929] [skl-105:505944:0]     ucp_context.c:1969 UCX  WARN  UCP API version is incompatible: required >= 1.16, actual 1.14.1 (loaded from /opt/software-current/2023.06/x86_64/generic/software/UCX/1.14.1-GCCcore-12.3.0/lib/libucp.so.0)
Working on loop 1/5, 1/5, 1/3, 1/3, 1/3
Working on loop 1/5, 1/5, 1/3, 1/3, 2/3
Working on loop 1/5, 1/5, 1/3, 1/3, 3/3
Working on loop 1/5, 1/5, 1/3, 2/3, 1/3
Working on loop 1/5, 1/5, 1/3, 2/3, 2/3
Working on loop 1/5, 1/5, 1/3, 2/3, 3/3
Working on loop 1/5, 1/5, 1/3, 3/3, 1/3
Working on loop 1/5, 1/5, 1/3, 3/3, 2/3
Working on loop 1/5, 1/5, 1/3, 3/3, 3/3
Working on loop 1/5, 1/5, 2/3, 1/3, 1/3
Working on loop 1/5, 1/5, 2/3, 1/3, 2/3
Working on loop 1/5, 1/5, 2/3, 1/3, 3/3
Working on loop 1/5, 1/5, 2/3, 2/3, 1/3
Working on loop 1/5, 1/5, 2/3, 2/3, 2/3
Working on loop 1/5, 1/5, 2/3, 2/3, 3/3
Working on loop 1/5, 1/5, 2/3, 3/3, 1/3
Working on loop 1/5, 1/5, 2/3, 3/3, 2/3
Working on loop 1/5, 1/5, 2/3, 3/3, 3/3
Working on loop 1/5, 1/5, 3/3, 1/3, 1/3
Working on loop 1/5, 1/5, 3/3, 1/3, 2/3
Working on loop 1/5, 1/5, 3/3, 1/3, 3/3
Working on loop 1/5, 1/5, 3/3, 2/3, 1/3
Working on loop 1/5, 1/5, 3/3, 2/3, 2/3
Working on loop 1/5, 1/5, 3/3, 2/3, 3/3
Working on loop 1/5, 1/5, 3/3, 3/3, 1/3
Working on loop 1/5, 1/5, 3/3, 3/3, 2/3
Working on loop 1/5, 1/5, 3/3, 3/3, 3/3
Working on loop 1/5, 2/5, 1/3, 1/3, 1/3
Working on loop 1/5, 2/5, 1/3, 1/3, 2/3
Working on loop 1/5, 2/5, 1/3, 1/3, 3/3
Working on loop 1/5, 2/5, 1/3, 2/3, 1/3
Working on loop 1/5, 2/5, 1/3, 2/3, 2/3
Working on loop 1/5, 2/5, 1/3, 2/3, 3/3
Working on loop 1/5, 2/5, 1/3, 3/3, 1/3
Working on loop 1/5, 2/5, 1/3, 3/3, 2/3
Working on loop 1/5, 2/5, 1/3, 3/3, 3/3
Working on loop 1/5, 2/5, 2/3, 1/3, 1/3
Working on loop 1/5, 2/5, 2/3, 1/3, 2/3
Working on loop 1/5, 2/5, 2/3, 1/3, 3/3
Working on loop 1/5, 2/5, 2/3, 2/3, 1/3
Working on loop 1/5, 2/5, 2/3, 2/3, 2/3
Working on loop 1/5, 2/5, 2/3, 2/3, 3/3
Working on loop 1/5, 2/5, 2/3, 3/3, 1/3
Working on loop 1/5, 2/5, 2/3, 3/3, 2/3
Working on loop 1/5, 2/5, 2/3, 3/3, 3/3
Working on loop 1/5, 2/5, 3/3, 1/3, 1/3
Working on loop 1/5, 2/5, 3/3, 1/3, 2/3
Working on loop 1/5, 2/5, 3/3, 1/3, 3/3
Working on loop 1/5, 2/5, 3/3, 2/3, 1/3
Working on loop 1/5, 2/5, 3/3, 2/3, 2/3
Working on loop 1/5, 2/5, 3/3, 2/3, 3/3
Working on loop 1/5, 2/5, 3/3, 3/3, 1/3
Working on loop 1/5, 2/5, 3/3, 3/3, 2/3
Working on loop 1/5, 2/5, 3/3, 3/3, 3/3
Working on loop 1/5, 3/5, 1/3, 1/3, 1/3
Working on loop 1/5, 3/5, 1/3, 1/3, 2/3
Working on loop 1/5, 3/5, 1/3, 1/3, 3/3
Working on loop 1/5, 3/5, 1/3, 2/3, 1/3
Working on loop 1/5, 3/5, 1/3, 2/3, 2/3
Working on loop 1/5, 3/5, 1/3, 2/3, 3/3
Working on loop 1/5, 3/5, 1/3, 3/3, 1/3
Working on loop 1/5, 3/5, 1/3, 3/3, 2/3
Working on loop 1/5, 3/5, 1/3, 3/3, 3/3
Working on loop 1/5, 3/5, 2/3, 1/3, 1/3
Working on loop 1/5, 3/5, 2/3, 1/3, 2/3
Working on loop 1/5, 3/5, 2/3, 1/3, 3/3
Working on loop 1/5, 3/5, 2/3, 2/3, 1/3
Working on loop 1/5, 3/5, 2/3, 2/3, 2/3
Working on loop 1/5, 3/5, 2/3, 2/3, 3/3
Working on loop 1/5, 3/5, 2/3, 3/3, 1/3
Working on loop 1/5, 3/5, 2/3, 3/3, 2/3
Working on loop 1/5, 3/5, 2/3, 3/3, 3/3
Working on loop 1/5, 3/5, 3/3, 1/3, 1/3
Working on loop 1/5, 3/5, 3/3, 1/3, 2/3
Working on loop 1/5, 3/5, 3/3, 1/3, 3/3
Working on loop 1/5, 3/5, 3/3, 2/3, 1/3
Working on loop 1/5, 3/5, 3/3, 2/3, 2/3
Working on loop 1/5, 3/5, 3/3, 2/3, 3/3
Working on loop 1/5, 3/5, 3/3, 3/3, 1/3
Working on loop 1/5, 3/5, 3/3, 3/3, 2/3
Working on loop 1/5, 3/5, 3/3, 3/3, 3/3
Working on loop 1/5, 4/5, 1/3, 1/3, 1/3
Working on loop 1/5, 4/5, 1/3, 1/3, 2/3
Working on loop 1/5, 4/5, 1/3, 1/3, 3/3
Working on loop 1/5, 4/5, 1/3, 2/3, 1/3
Working on loop 1/5, 4/5, 1/3, 2/3, 2/3
Working on loop 1/5, 4/5, 1/3, 2/3, 3/3
Working on loop 1/5, 4/5, 1/3, 3/3, 1/3
Working on loop 1/5, 4/5, 1/3, 3/3, 2/3
Working on loop 1/5, 4/5, 1/3, 3/3, 3/3
Working on loop 1/5, 4/5, 2/3, 1/3, 1/3
Working on loop 1/5, 4/5, 2/3, 1/3, 2/3
Working on loop 1/5, 4/5, 2/3, 1/3, 3/3
Working on loop 1/5, 4/5, 2/3, 2/3, 1/3
Working on loop 1/5, 4/5, 2/3, 2/3, 2/3
Working on loop 1/5, 4/5, 2/3, 2/3, 3/3
Working on loop 1/5, 4/5, 2/3, 3/3, 1/3
Working on loop 1/5, 4/5, 2/3, 3/3, 2/3
Working on loop 1/5, 4/5, 2/3, 3/3, 3/3
Working on loop 1/5, 4/5, 3/3, 1/3, 1/3
Working on loop 1/5, 4/5, 3/3, 1/3, 2/3
Working on loop 1/5, 4/5, 3/3, 1/3, 3/3
Working on loop 1/5, 4/5, 3/3, 2/3, 1/3
Working on loop 1/5, 4/5, 3/3, 2/3, 2/3
Working on loop 1/5, 4/5, 3/3, 2/3, 3/3
Working on loop 1/5, 4/5, 3/3, 3/3, 1/3
Working on loop 1/5, 4/5, 3/3, 3/3, 2/3
Working on loop 1/5, 4/5, 3/3, 3/3, 3/3
Working on loop 1/5, 5/5, 1/3, 1/3, 1/3
Working on loop 1/5, 5/5, 1/3, 1/3, 2/3
Working on loop 1/5, 5/5, 1/3, 1/3, 3/3
Working on loop 1/5, 5/5, 1/3, 2/3, 1/3
Working on loop 1/5, 5/5, 1/3, 2/3, 2/3
Working on loop 1/5, 5/5, 1/3, 2/3, 3/3
Working on loop 1/5, 5/5, 1/3, 3/3, 1/3
Working on loop 1/5, 5/5, 1/3, 3/3, 2/3
Working on loop 1/5, 5/5, 1/3, 3/3, 3/3
Working on loop 1/5, 5/5, 2/3, 1/3, 1/3
Working on loop 1/5, 5/5, 2/3, 1/3, 2/3
Working on loop 1/5, 5/5, 2/3, 1/3, 3/3
Working on loop 1/5, 5/5, 2/3, 2/3, 1/3
Working on loop 1/5, 5/5, 2/3, 2/3, 2/3
Working on loop 1/5, 5/5, 2/3, 2/3, 3/3
Working on loop 1/5, 5/5, 2/3, 3/3, 1/3
Working on loop 1/5, 5/5, 2/3, 3/3, 2/3
Working on loop 1/5, 5/5, 2/3, 3/3, 3/3
Working on loop 1/5, 5/5, 3/3, 1/3, 1/3
Working on loop 1/5, 5/5, 3/3, 1/3, 2/3
Working on loop 1/5, 5/5, 3/3, 1/3, 3/3
Working on loop 1/5, 5/5, 3/3, 2/3, 1/3
Working on loop 1/5, 5/5, 3/3, 2/3, 2/3
Working on loop 1/5, 5/5, 3/3, 2/3, 3/3
Working on loop 1/5, 5/5, 3/3, 3/3, 1/3
Working on loop 1/5, 5/5, 3/3, 3/3, 2/3
Working on loop 1/5, 5/5, 3/3, 3/3, 3/3
Working on loop 2/5, 1/5, 1/3, 1/3, 1/3
Working on loop 2/5, 1/5, 1/3, 1/3, 2/3
Working on loop 2/5, 1/5, 1/3, 1/3, 3/3
Working on loop 2/5, 1/5, 1/3, 2/3, 1/3
Working on loop 2/5, 1/5, 1/3, 2/3, 2/3
Working on loop 2/5, 1/5, 1/3, 2/3, 3/3
Working on loop 2/5, 1/5, 1/3, 3/3, 1/3
Working on loop 2/5, 1/5, 1/3, 3/3, 2/3
Working on loop 2/5, 1/5, 1/3, 3/3, 3/3
Working on loop 2/5, 1/5, 2/3, 1/3, 1/3
Working on loop 2/5, 1/5, 2/3, 1/3, 2/3
Working on loop 2/5, 1/5, 2/3, 1/3, 3/3
Working on loop 2/5, 1/5, 2/3, 2/3, 1/3
Working on loop 2/5, 1/5, 2/3, 2/3, 2/3
Working on loop 2/5, 1/5, 2/3, 2/3, 3/3
Working on loop 2/5, 1/5, 2/3, 3/3, 1/3
Working on loop 2/5, 1/5, 2/3, 3/3, 2/3
Working on loop 2/5, 1/5, 2/3, 3/3, 3/3
Working on loop 2/5, 1/5, 3/3, 1/3, 1/3
Working on loop 2/5, 1/5, 3/3, 1/3, 2/3
Working on loop 2/5, 1/5, 3/3, 1/3, 3/3
Working on loop 2/5, 1/5, 3/3, 2/3, 1/3
Working on loop 2/5, 1/5, 3/3, 2/3, 2/3
Working on loop 2/5, 1/5, 3/3, 2/3, 3/3
Working on loop 2/5, 1/5, 3/3, 3/3, 1/3
Working on loop 2/5, 1/5, 3/3, 3/3, 2/3
Working on loop 2/5, 1/5, 3/3, 3/3, 3/3
Working on loop 2/5, 2/5, 1/3, 1/3, 1/3
Working on loop 2/5, 2/5, 1/3, 1/3, 2/3
Working on loop 2/5, 2/5, 1/3, 1/3, 3/3
Working on loop 2/5, 2/5, 1/3, 2/3, 1/3
Working on loop 2/5, 2/5, 1/3, 2/3, 2/3
Working on loop 2/5, 2/5, 1/3, 2/3, 3/3
Working on loop 2/5, 2/5, 1/3, 3/3, 1/3
Working on loop 2/5, 2/5, 1/3, 3/3, 2/3
Working on loop 2/5, 2/5, 1/3, 3/3, 3/3
Working on loop 2/5, 2/5, 2/3, 1/3, 1/3
Working on loop 2/5, 2/5, 2/3, 1/3, 2/3
Working on loop 2/5, 2/5, 2/3, 1/3, 3/3
Working on loop 2/5, 2/5, 2/3, 2/3, 1/3
Working on loop 2/5, 2/5, 2/3, 2/3, 2/3
Working on loop 2/5, 2/5, 2/3, 2/3, 3/3
Working on loop 2/5, 2/5, 2/3, 3/3, 1/3
Working on loop 2/5, 2/5, 2/3, 3/3, 2/3
Working on loop 2/5, 2/5, 2/3, 3/3, 3/3
Working on loop 2/5, 2/5, 3/3, 1/3, 1/3
Working on loop 2/5, 2/5, 3/3, 1/3, 2/3
Working on loop 2/5, 2/5, 3/3, 1/3, 3/3
Working on loop 2/5, 2/5, 3/3, 2/3, 1/3
Working on loop 2/5, 2/5, 3/3, 2/3, 2/3
Working on loop 2/5, 2/5, 3/3, 2/3, 3/3
Working on loop 2/5, 2/5, 3/3, 3/3, 1/3
Working on loop 2/5, 2/5, 3/3, 3/3, 2/3
Working on loop 2/5, 2/5, 3/3, 3/3, 3/3
Working on loop 2/5, 3/5, 1/3, 1/3, 1/3
Working on loop 2/5, 3/5, 1/3, 1/3, 2/3
Working on loop 2/5, 3/5, 1/3, 1/3, 3/3
Working on loop 2/5, 3/5, 1/3, 2/3, 1/3
Working on loop 2/5, 3/5, 1/3, 2/3, 2/3
Working on loop 2/5, 3/5, 1/3, 2/3, 3/3
Working on loop 2/5, 3/5, 1/3, 3/3, 1/3
Working on loop 2/5, 3/5, 1/3, 3/3, 2/3
Working on loop 2/5, 3/5, 1/3, 3/3, 3/3
Working on loop 2/5, 3/5, 2/3, 1/3, 1/3
Working on loop 2/5, 3/5, 2/3, 1/3, 2/3
Working on loop 2/5, 3/5, 2/3, 1/3, 3/3
Working on loop 2/5, 3/5, 2/3, 2/3, 1/3
Working on loop 2/5, 3/5, 2/3, 2/3, 2/3
Working on loop 2/5, 3/5, 2/3, 2/3, 3/3
Working on loop 2/5, 3/5, 2/3, 3/3, 1/3
Working on loop 2/5, 3/5, 2/3, 3/3, 2/3
Working on loop 2/5, 3/5, 2/3, 3/3, 3/3
Working on loop 2/5, 3/5, 3/3, 1/3, 1/3
Working on loop 2/5, 3/5, 3/3, 1/3, 2/3
Working on loop 2/5, 3/5, 3/3, 1/3, 3/3
Working on loop 2/5, 3/5, 3/3, 2/3, 1/3
Working on loop 2/5, 3/5, 3/3, 2/3, 2/3
Working on loop 2/5, 3/5, 3/3, 2/3, 3/3
Working on loop 2/5, 3/5, 3/3, 3/3, 1/3
Working on loop 2/5, 3/5, 3/3, 3/3, 2/3
Working on loop 2/5, 3/5, 3/3, 3/3, 3/3
Working on loop 2/5, 4/5, 1/3, 1/3, 1/3
Working on loop 2/5, 4/5, 1/3, 1/3, 2/3
Working on loop 2/5, 4/5, 1/3, 1/3, 3/3
Working on loop 2/5, 4/5, 1/3, 2/3, 1/3
Working on loop 2/5, 4/5, 1/3, 2/3, 2/3
Working on loop 2/5, 4/5, 1/3, 2/3, 3/3
Working on loop 2/5, 4/5, 1/3, 3/3, 1/3
Working on loop 2/5, 4/5, 1/3, 3/3, 2/3
Working on loop 2/5, 4/5, 1/3, 3/3, 3/3
Working on loop 2/5, 4/5, 2/3, 1/3, 1/3
Working on loop 2/5, 4/5, 2/3, 1/3, 2/3
Working on loop 2/5, 4/5, 2/3, 1/3, 3/3
Working on loop 2/5, 4/5, 2/3, 2/3, 1/3
Working on loop 2/5, 4/5, 2/3, 2/3, 2/3
Working on loop 2/5, 4/5, 2/3, 2/3, 3/3
Working on loop 2/5, 4/5, 2/3, 3/3, 1/3
Working on loop 2/5, 4/5, 2/3, 3/3, 2/3
Working on loop 2/5, 4/5, 2/3, 3/3, 3/3
Working on loop 2/5, 4/5, 3/3, 1/3, 1/3
Working on loop 2/5, 4/5, 3/3, 1/3, 2/3
Working on loop 2/5, 4/5, 3/3, 1/3, 3/3
Working on loop 2/5, 4/5, 3/3, 2/3, 1/3
Working on loop 2/5, 4/5, 3/3, 2/3, 2/3
Working on loop 2/5, 4/5, 3/3, 2/3, 3/3
Working on loop 2/5, 4/5, 3/3, 3/3, 1/3
Working on loop 2/5, 4/5, 3/3, 3/3, 2/3
Working on loop 2/5, 4/5, 3/3, 3/3, 3/3
Working on loop 2/5, 5/5, 1/3, 1/3, 1/3
Working on loop 2/5, 5/5, 1/3, 1/3, 2/3
Working on loop 2/5, 5/5, 1/3, 1/3, 3/3
Working on loop 2/5, 5/5, 1/3, 2/3, 1/3
Working on loop 2/5, 5/5, 1/3, 2/3, 2/3
Working on loop 2/5, 5/5, 1/3, 2/3, 3/3
Working on loop 2/5, 5/5, 1/3, 3/3, 1/3
Working on loop 2/5, 5/5, 1/3, 3/3, 2/3
Working on loop 2/5, 5/5, 1/3, 3/3, 3/3
Working on loop 2/5, 5/5, 2/3, 1/3, 1/3
Working on loop 2/5, 5/5, 2/3, 1/3, 2/3
Working on loop 2/5, 5/5, 2/3, 1/3, 3/3
Working on loop 2/5, 5/5, 2/3, 2/3, 1/3
Working on loop 2/5, 5/5, 2/3, 2/3, 2/3
Working on loop 2/5, 5/5, 2/3, 2/3, 3/3
Working on loop 2/5, 5/5, 2/3, 3/3, 1/3
Working on loop 2/5, 5/5, 2/3, 3/3, 2/3
Working on loop 2/5, 5/5, 2/3, 3/3, 3/3
Working on loop 2/5, 5/5, 3/3, 1/3, 1/3
Working on loop 2/5, 5/5, 3/3, 1/3, 2/3
Working on loop 2/5, 5/5, 3/3, 1/3, 3/3
Working on loop 2/5, 5/5, 3/3, 2/3, 1/3
Working on loop 2/5, 5/5, 3/3, 2/3, 2/3
Working on loop 2/5, 5/5, 3/3, 2/3, 3/3
Working on loop 2/5, 5/5, 3/3, 3/3, 1/3
Working on loop 2/5, 5/5, 3/3, 3/3, 2/3
Working on loop 2/5, 5/5, 3/3, 3/3, 3/3
Working on loop 3/5, 1/5, 1/3, 1/3, 1/3
Working on loop 3/5, 1/5, 1/3, 1/3, 2/3
Working on loop 3/5, 1/5, 1/3, 1/3, 3/3
Working on loop 3/5, 1/5, 1/3, 2/3, 1/3
Working on loop 3/5, 1/5, 1/3, 2/3, 2/3
Working on loop 3/5, 1/5, 1/3, 2/3, 3/3
Working on loop 3/5, 1/5, 1/3, 3/3, 1/3
Working on loop 3/5, 1/5, 1/3, 3/3, 2/3
Working on loop 3/5, 1/5, 1/3, 3/3, 3/3
Working on loop 3/5, 1/5, 2/3, 1/3, 1/3
Working on loop 3/5, 1/5, 2/3, 1/3, 2/3
Working on loop 3/5, 1/5, 2/3, 1/3, 3/3
Working on loop 3/5, 1/5, 2/3, 2/3, 1/3
Working on loop 3/5, 1/5, 2/3, 2/3, 2/3
Working on loop 3/5, 1/5, 2/3, 2/3, 3/3
Working on loop 3/5, 1/5, 2/3, 3/3, 1/3
Working on loop 3/5, 1/5, 2/3, 3/3, 2/3
Working on loop 3/5, 1/5, 2/3, 3/3, 3/3
Working on loop 3/5, 1/5, 3/3, 1/3, 1/3
Working on loop 3/5, 1/5, 3/3, 1/3, 2/3
Working on loop 3/5, 1/5, 3/3, 1/3, 3/3
Working on loop 3/5, 1/5, 3/3, 2/3, 1/3
Working on loop 3/5, 1/5, 3/3, 2/3, 2/3
Working on loop 3/5, 1/5, 3/3, 2/3, 3/3
Working on loop 3/5, 1/5, 3/3, 3/3, 1/3
Working on loop 3/5, 1/5, 3/3, 3/3, 2/3
Working on loop 3/5, 1/5, 3/3, 3/3, 3/3
Working on loop 3/5, 2/5, 1/3, 1/3, 1/3
Working on loop 3/5, 2/5, 1/3, 1/3, 2/3
Working on loop 3/5, 2/5, 1/3, 1/3, 3/3
Working on loop 3/5, 2/5, 1/3, 2/3, 1/3
Working on loop 3/5, 2/5, 1/3, 2/3, 2/3
Working on loop 3/5, 2/5, 1/3, 2/3, 3/3
Working on loop 3/5, 2/5, 1/3, 3/3, 1/3
Working on loop 3/5, 2/5, 1/3, 3/3, 2/3
Working on loop 3/5, 2/5, 1/3, 3/3, 3/3
Working on loop 3/5, 2/5, 2/3, 1/3, 1/3
Working on loop 3/5, 2/5, 2/3, 1/3, 2/3
Working on loop 3/5, 2/5, 2/3, 1/3, 3/3
Working on loop 3/5, 2/5, 2/3, 2/3, 1/3
Working on loop 3/5, 2/5, 2/3, 2/3, 2/3
Working on loop 3/5, 2/5, 2/3, 2/3, 3/3
Working on loop 3/5, 2/5, 2/3, 3/3, 1/3
Working on loop 3/5, 2/5, 2/3, 3/3, 2/3
Working on loop 3/5, 2/5, 2/3, 3/3, 3/3
Working on loop 3/5, 2/5, 3/3, 1/3, 1/3
Working on loop 3/5, 2/5, 3/3, 1/3, 2/3
Working on loop 3/5, 2/5, 3/3, 1/3, 3/3
Working on loop 3/5, 2/5, 3/3, 2/3, 1/3
Working on loop 3/5, 2/5, 3/3, 2/3, 2/3
Working on loop 3/5, 2/5, 3/3, 2/3, 3/3
Working on loop 3/5, 2/5, 3/3, 3/3, 1/3
Working on loop 3/5, 2/5, 3/3, 3/3, 2/3
Working on loop 3/5, 2/5, 3/3, 3/3, 3/3
Working on loop 3/5, 3/5, 1/3, 1/3, 1/3
Working on loop 3/5, 3/5, 1/3, 1/3, 2/3
Working on loop 3/5, 3/5, 1/3, 1/3, 3/3
Working on loop 3/5, 3/5, 1/3, 2/3, 1/3
Working on loop 3/5, 3/5, 1/3, 2/3, 2/3
Working on loop 3/5, 3/5, 1/3, 2/3, 3/3
Working on loop 3/5, 3/5, 1/3, 3/3, 1/3
Working on loop 3/5, 3/5, 1/3, 3/3, 2/3
Working on loop 3/5, 3/5, 1/3, 3/3, 3/3
Working on loop 3/5, 3/5, 2/3, 1/3, 1/3
Working on loop 3/5, 3/5, 2/3, 1/3, 2/3
Working on loop 3/5, 3/5, 2/3, 1/3, 3/3
Working on loop 3/5, 3/5, 2/3, 2/3, 1/3
Working on loop 3/5, 3/5, 2/3, 2/3, 2/3
Working on loop 3/5, 3/5, 2/3, 2/3, 3/3
Working on loop 3/5, 3/5, 2/3, 3/3, 1/3
Working on loop 3/5, 3/5, 2/3, 3/3, 2/3
Working on loop 3/5, 3/5, 2/3, 3/3, 3/3
Working on loop 3/5, 3/5, 3/3, 1/3, 1/3
Working on loop 3/5, 3/5, 3/3, 1/3, 2/3
Working on loop 3/5, 3/5, 3/3, 1/3, 3/3
Working on loop 3/5, 3/5, 3/3, 2/3, 1/3
Working on loop 3/5, 3/5, 3/3, 2/3, 2/3
Working on loop 3/5, 3/5, 3/3, 2/3, 3/3
Working on loop 3/5, 3/5, 3/3, 3/3, 1/3
Working on loop 3/5, 3/5, 3/3, 3/3, 2/3
Working on loop 3/5, 3/5, 3/3, 3/3, 3/3
Working on loop 3/5, 4/5, 1/3, 1/3, 1/3
Working on loop 3/5, 4/5, 1/3, 1/3, 2/3
Working on loop 3/5, 4/5, 1/3, 1/3, 3/3
Working on loop 3/5, 4/5, 1/3, 2/3, 1/3
Working on loop 3/5, 4/5, 1/3, 2/3, 2/3
Working on loop 3/5, 4/5, 1/3, 2/3, 3/3
Working on loop 3/5, 4/5, 1/3, 3/3, 1/3
Working on loop 3/5, 4/5, 1/3, 3/3, 2/3
Working on loop 3/5, 4/5, 1/3, 3/3, 3/3
Working on loop 3/5, 4/5, 2/3, 1/3, 1/3
Working on loop 3/5, 4/5, 2/3, 1/3, 2/3
Working on loop 3/5, 4/5, 2/3, 1/3, 3/3
Working on loop 3/5, 4/5, 2/3, 2/3, 1/3
Working on loop 3/5, 4/5, 2/3, 2/3, 2/3
Working on loop 3/5, 4/5, 2/3, 2/3, 3/3
Working on loop 3/5, 4/5, 2/3, 3/3, 1/3
Working on loop 3/5, 4/5, 2/3, 3/3, 2/3
Working on loop 3/5, 4/5, 2/3, 3/3, 3/3
Working on loop 3/5, 4/5, 3/3, 1/3, 1/3
Working on loop 3/5, 4/5, 3/3, 1/3, 2/3
Working on loop 3/5, 4/5, 3/3, 1/3, 3/3
Working on loop 3/5, 4/5, 3/3, 2/3, 1/3
Working on loop 3/5, 4/5, 3/3, 2/3, 2/3
Working on loop 3/5, 4/5, 3/3, 2/3, 3/3
Working on loop 3/5, 4/5, 3/3, 3/3, 1/3
Working on loop 3/5, 4/5, 3/3, 3/3, 2/3
Working on loop 3/5, 4/5, 3/3, 3/3, 3/3
Working on loop 3/5, 5/5, 1/3, 1/3, 1/3
Working on loop 3/5, 5/5, 1/3, 1/3, 2/3
Working on loop 3/5, 5/5, 1/3, 1/3, 3/3
Working on loop 3/5, 5/5, 1/3, 2/3, 1/3
Working on loop 3/5, 5/5, 1/3, 2/3, 2/3
Working on loop 3/5, 5/5, 1/3, 2/3, 3/3
Working on loop 3/5, 5/5, 1/3, 3/3, 1/3
Working on loop 3/5, 5/5, 1/3, 3/3, 2/3
Working on loop 3/5, 5/5, 1/3, 3/3, 3/3
Working on loop 3/5, 5/5, 2/3, 1/3, 1/3
Working on loop 3/5, 5/5, 2/3, 1/3, 2/3
Working on loop 3/5, 5/5, 2/3, 1/3, 3/3
Working on loop 3/5, 5/5, 2/3, 2/3, 1/3
Working on loop 3/5, 5/5, 2/3, 2/3, 2/3
Working on loop 3/5, 5/5, 2/3, 2/3, 3/3
Working on loop 3/5, 5/5, 2/3, 3/3, 1/3
Working on loop 3/5, 5/5, 2/3, 3/3, 2/3
Working on loop 3/5, 5/5, 2/3, 3/3, 3/3
Working on loop 3/5, 5/5, 3/3, 1/3, 1/3
Working on loop 3/5, 5/5, 3/3, 1/3, 2/3
Working on loop 3/5, 5/5, 3/3, 1/3, 3/3
Working on loop 3/5, 5/5, 3/3, 2/3, 1/3
Working on loop 3/5, 5/5, 3/3, 2/3, 2/3
Working on loop 3/5, 5/5, 3/3, 2/3, 3/3
Working on loop 3/5, 5/5, 3/3, 3/3, 1/3
Working on loop 3/5, 5/5, 3/3, 3/3, 2/3
Working on loop 3/5, 5/5, 3/3, 3/3, 3/3
Working on loop 4/5, 1/5, 1/3, 1/3, 1/3
Working on loop 4/5, 1/5, 1/3, 1/3, 2/3
Working on loop 4/5, 1/5, 1/3, 1/3, 3/3
Working on loop 4/5, 1/5, 1/3, 2/3, 1/3
Working on loop 4/5, 1/5, 1/3, 2/3, 2/3
Working on loop 4/5, 1/5, 1/3, 2/3, 3/3
Working on loop 4/5, 1/5, 1/3, 3/3, 1/3
Working on loop 4/5, 1/5, 1/3, 3/3, 2/3
Working on loop 4/5, 1/5, 1/3, 3/3, 3/3
Working on loop 4/5, 1/5, 2/3, 1/3, 1/3
Working on loop 4/5, 1/5, 2/3, 1/3, 2/3
Working on loop 4/5, 1/5, 2/3, 1/3, 3/3
Working on loop 4/5, 1/5, 2/3, 2/3, 1/3
Working on loop 4/5, 1/5, 2/3, 2/3, 2/3
Working on loop 4/5, 1/5, 2/3, 2/3, 3/3
Working on loop 4/5, 1/5, 2/3, 3/3, 1/3
Working on loop 4/5, 1/5, 2/3, 3/3, 2/3
Working on loop 4/5, 1/5, 2/3, 3/3, 3/3
Working on loop 4/5, 1/5, 3/3, 1/3, 1/3
Working on loop 4/5, 1/5, 3/3, 1/3, 2/3
Working on loop 4/5, 1/5, 3/3, 1/3, 3/3
Working on loop 4/5, 1/5, 3/3, 2/3, 1/3
Working on loop 4/5, 1/5, 3/3, 2/3, 2/3
Working on loop 4/5, 1/5, 3/3, 2/3, 3/3
Working on loop 4/5, 1/5, 3/3, 3/3, 1/3
Working on loop 4/5, 1/5, 3/3, 3/3, 2/3
Working on loop 4/5, 1/5, 3/3, 3/3, 3/3
Working on loop 4/5, 2/5, 1/3, 1/3, 1/3
Working on loop 4/5, 2/5, 1/3, 1/3, 2/3
Working on loop 4/5, 2/5, 1/3, 1/3, 3/3
Working on loop 4/5, 2/5, 1/3, 2/3, 1/3
Working on loop 4/5, 2/5, 1/3, 2/3, 2/3
Working on loop 4/5, 2/5, 1/3, 2/3, 3/3
Working on loop 4/5, 2/5, 1/3, 3/3, 1/3
Working on loop 4/5, 2/5, 1/3, 3/3, 2/3
Working on loop 4/5, 2/5, 1/3, 3/3, 3/3
Working on loop 4/5, 2/5, 2/3, 1/3, 1/3
Working on loop 4/5, 2/5, 2/3, 1/3, 2/3
Working on loop 4/5, 2/5, 2/3, 1/3, 3/3
Working on loop 4/5, 2/5, 2/3, 2/3, 1/3
Working on loop 4/5, 2/5, 2/3, 2/3, 2/3
Working on loop 4/5, 2/5, 2/3, 2/3, 3/3
Working on loop 4/5, 2/5, 2/3, 3/3, 1/3
Working on loop 4/5, 2/5, 2/3, 3/3, 2/3
Working on loop 4/5, 2/5, 2/3, 3/3, 3/3
Working on loop 4/5, 2/5, 3/3, 1/3, 1/3
Working on loop 4/5, 2/5, 3/3, 1/3, 2/3
Working on loop 4/5, 2/5, 3/3, 1/3, 3/3
Working on loop 4/5, 2/5, 3/3, 2/3, 1/3
Working on loop 4/5, 2/5, 3/3, 2/3, 2/3
Working on loop 4/5, 2/5, 3/3, 2/3, 3/3
Working on loop 4/5, 2/5, 3/3, 3/3, 1/3
Working on loop 4/5, 2/5, 3/3, 3/3, 2/3
Working on loop 4/5, 2/5, 3/3, 3/3, 3/3
Working on loop 4/5, 3/5, 1/3, 1/3, 1/3
Working on loop 4/5, 3/5, 1/3, 1/3, 2/3
Working on loop 4/5, 3/5, 1/3, 1/3, 3/3
Working on loop 4/5, 3/5, 1/3, 2/3, 1/3
Working on loop 4/5, 3/5, 1/3, 2/3, 2/3
Working on loop 4/5, 3/5, 1/3, 2/3, 3/3
Working on loop 4/5, 3/5, 1/3, 3/3, 1/3
Working on loop 4/5, 3/5, 1/3, 3/3, 2/3
Working on loop 4/5, 3/5, 1/3, 3/3, 3/3
Working on loop 4/5, 3/5, 2/3, 1/3, 1/3
Working on loop 4/5, 3/5, 2/3, 1/3, 2/3
Working on loop 4/5, 3/5, 2/3, 1/3, 3/3
Working on loop 4/5, 3/5, 2/3, 2/3, 1/3
Working on loop 4/5, 3/5, 2/3, 2/3, 2/3
Working on loop 4/5, 3/5, 2/3, 2/3, 3/3
Working on loop 4/5, 3/5, 2/3, 3/3, 1/3
Working on loop 4/5, 3/5, 2/3, 3/3, 2/3
Working on loop 4/5, 3/5, 2/3, 3/3, 3/3
Working on loop 4/5, 3/5, 3/3, 1/3, 1/3
Working on loop 4/5, 3/5, 3/3, 1/3, 2/3
Working on loop 4/5, 3/5, 3/3, 1/3, 3/3
Working on loop 4/5, 3/5, 3/3, 2/3, 1/3
Working on loop 4/5, 3/5, 3/3, 2/3, 2/3
Working on loop 4/5, 3/5, 3/3, 2/3, 3/3
Working on loop 4/5, 3/5, 3/3, 3/3, 1/3
Working on loop 4/5, 3/5, 3/3, 3/3, 2/3
Working on loop 4/5, 3/5, 3/3, 3/3, 3/3
Working on loop 4/5, 4/5, 1/3, 1/3, 1/3
Working on loop 4/5, 4/5, 1/3, 1/3, 2/3
Working on loop 4/5, 4/5, 1/3, 1/3, 3/3
Working on loop 4/5, 4/5, 1/3, 2/3, 1/3
Working on loop 4/5, 4/5, 1/3, 2/3, 2/3
Working on loop 4/5, 4/5, 1/3, 2/3, 3/3
Working on loop 4/5, 4/5, 1/3, 3/3, 1/3
Working on loop 4/5, 4/5, 1/3, 3/3, 2/3
Working on loop 4/5, 4/5, 1/3, 3/3, 3/3
Working on loop 4/5, 4/5, 2/3, 1/3, 1/3
Working on loop 4/5, 4/5, 2/3, 1/3, 2/3
Working on loop 4/5, 4/5, 2/3, 1/3, 3/3
Working on loop 4/5, 4/5, 2/3, 2/3, 1/3
Working on loop 4/5, 4/5, 2/3, 2/3, 2/3
Working on loop 4/5, 4/5, 2/3, 2/3, 3/3
Working on loop 4/5, 4/5, 2/3, 3/3, 1/3
Working on loop 4/5, 4/5, 2/3, 3/3, 2/3
Working on loop 4/5, 4/5, 2/3, 3/3, 3/3
Working on loop 4/5, 4/5, 3/3, 1/3, 1/3
Working on loop 4/5, 4/5, 3/3, 1/3, 2/3
Working on loop 4/5, 4/5, 3/3, 1/3, 3/3
Working on loop 4/5, 4/5, 3/3, 2/3, 1/3
Working on loop 4/5, 4/5, 3/3, 2/3, 2/3
Working on loop 4/5, 4/5, 3/3, 2/3, 3/3
Working on loop 4/5, 4/5, 3/3, 3/3, 1/3
Working on loop 4/5, 4/5, 3/3, 3/3, 2/3
Working on loop 4/5, 4/5, 3/3, 3/3, 3/3
Working on loop 4/5, 5/5, 1/3, 1/3, 1/3
Working on loop 4/5, 5/5, 1/3, 1/3, 2/3
Working on loop 4/5, 5/5, 1/3, 1/3, 3/3
Working on loop 4/5, 5/5, 1/3, 2/3, 1/3
Working on loop 4/5, 5/5, 1/3, 2/3, 2/3
Working on loop 4/5, 5/5, 1/3, 2/3, 3/3
Working on loop 4/5, 5/5, 1/3, 3/3, 1/3
Working on loop 4/5, 5/5, 1/3, 3/3, 2/3
Working on loop 4/5, 5/5, 1/3, 3/3, 3/3
Working on loop 4/5, 5/5, 2/3, 1/3, 1/3
Working on loop 4/5, 5/5, 2/3, 1/3, 2/3
Working on loop 4/5, 5/5, 2/3, 1/3, 3/3
Working on loop 4/5, 5/5, 2/3, 2/3, 1/3
Working on loop 4/5, 5/5, 2/3, 2/3, 2/3
Working on loop 4/5, 5/5, 2/3, 2/3, 3/3
Working on loop 4/5, 5/5, 2/3, 3/3, 1/3
Working on loop 4/5, 5/5, 2/3, 3/3, 2/3
Working on loop 4/5, 5/5, 2/3, 3/3, 3/3
Working on loop 4/5, 5/5, 3/3, 1/3, 1/3
Working on loop 4/5, 5/5, 3/3, 1/3, 2/3
Working on loop 4/5, 5/5, 3/3, 1/3, 3/3
Working on loop 4/5, 5/5, 3/3, 2/3, 1/3
Working on loop 4/5, 5/5, 3/3, 2/3, 2/3
Working on loop 4/5, 5/5, 3/3, 2/3, 3/3
Working on loop 4/5, 5/5, 3/3, 3/3, 1/3
Working on loop 4/5, 5/5, 3/3, 3/3, 2/3
Working on loop 4/5, 5/5, 3/3, 3/3, 3/3
Working on loop 5/5, 1/5, 1/3, 1/3, 1/3
Working on loop 5/5, 1/5, 1/3, 1/3, 2/3
Working on loop 5/5, 1/5, 1/3, 1/3, 3/3
Working on loop 5/5, 1/5, 1/3, 2/3, 1/3
Working on loop 5/5, 1/5, 1/3, 2/3, 2/3
Working on loop 5/5, 1/5, 1/3, 2/3, 3/3
Working on loop 5/5, 1/5, 1/3, 3/3, 1/3
Working on loop 5/5, 1/5, 1/3, 3/3, 2/3
Working on loop 5/5, 1/5, 1/3, 3/3, 3/3
Working on loop 5/5, 1/5, 2/3, 1/3, 1/3
Working on loop 5/5, 1/5, 2/3, 1/3, 2/3
Working on loop 5/5, 1/5, 2/3, 1/3, 3/3
Working on loop 5/5, 1/5, 2/3, 2/3, 1/3
Working on loop 5/5, 1/5, 2/3, 2/3, 2/3
Working on loop 5/5, 1/5, 2/3, 2/3, 3/3
Working on loop 5/5, 1/5, 2/3, 3/3, 1/3
Working on loop 5/5, 1/5, 2/3, 3/3, 2/3
Working on loop 5/5, 1/5, 2/3, 3/3, 3/3
Working on loop 5/5, 1/5, 3/3, 1/3, 1/3
Working on loop 5/5, 1/5, 3/3, 1/3, 2/3
Working on loop 5/5, 1/5, 3/3, 1/3, 3/3
Working on loop 5/5, 1/5, 3/3, 2/3, 1/3
Working on loop 5/5, 1/5, 3/3, 2/3, 2/3
Working on loop 5/5, 1/5, 3/3, 2/3, 3/3
Working on loop 5/5, 1/5, 3/3, 3/3, 1/3
Working on loop 5/5, 1/5, 3/3, 3/3, 2/3
Working on loop 5/5, 1/5, 3/3, 3/3, 3/3
Working on loop 5/5, 2/5, 1/3, 1/3, 1/3
Working on loop 5/5, 2/5, 1/3, 1/3, 2/3
Working on loop 5/5, 2/5, 1/3, 1/3, 3/3
Working on loop 5/5, 2/5, 1/3, 2/3, 1/3
Working on loop 5/5, 2/5, 1/3, 2/3, 2/3
Working on loop 5/5, 2/5, 1/3, 2/3, 3/3
Working on loop 5/5, 2/5, 1/3, 3/3, 1/3
Working on loop 5/5, 2/5, 1/3, 3/3, 2/3
Working on loop 5/5, 2/5, 1/3, 3/3, 3/3
Working on loop 5/5, 2/5, 2/3, 1/3, 1/3
Working on loop 5/5, 2/5, 2/3, 1/3, 2/3
Working on loop 5/5, 2/5, 2/3, 1/3, 3/3
Working on loop 5/5, 2/5, 2/3, 2/3, 1/3
Working on loop 5/5, 2/5, 2/3, 2/3, 2/3
Working on loop 5/5, 2/5, 2/3, 2/3, 3/3
Working on loop 5/5, 2/5, 2/3, 3/3, 1/3
Working on loop 5/5, 2/5, 2/3, 3/3, 2/3
Working on loop 5/5, 2/5, 2/3, 3/3, 3/3
Working on loop 5/5, 2/5, 3/3, 1/3, 1/3
Working on loop 5/5, 2/5, 3/3, 1/3, 2/3
Working on loop 5/5, 2/5, 3/3, 1/3, 3/3
Working on loop 5/5, 2/5, 3/3, 2/3, 1/3
Working on loop 5/5, 2/5, 3/3, 2/3, 2/3
Working on loop 5/5, 2/5, 3/3, 2/3, 3/3
Working on loop 5/5, 2/5, 3/3, 3/3, 1/3
Working on loop 5/5, 2/5, 3/3, 3/3, 2/3
Working on loop 5/5, 2/5, 3/3, 3/3, 3/3
Working on loop 5/5, 3/5, 1/3, 1/3, 1/3
Working on loop 5/5, 3/5, 1/3, 1/3, 2/3
Working on loop 5/5, 3/5, 1/3, 1/3, 3/3
Working on loop 5/5, 3/5, 1/3, 2/3, 1/3
Working on loop 5/5, 3/5, 1/3, 2/3, 2/3
Working on loop 5/5, 3/5, 1/3, 2/3, 3/3
Working on loop 5/5, 3/5, 1/3, 3/3, 1/3
Working on loop 5/5, 3/5, 1/3, 3/3, 2/3
Working on loop 5/5, 3/5, 1/3, 3/3, 3/3
Working on loop 5/5, 3/5, 2/3, 1/3, 1/3
Working on loop 5/5, 3/5, 2/3, 1/3, 2/3
Working on loop 5/5, 3/5, 2/3, 1/3, 3/3
Working on loop 5/5, 3/5, 2/3, 2/3, 1/3
Working on loop 5/5, 3/5, 2/3, 2/3, 2/3
Working on loop 5/5, 3/5, 2/3, 2/3, 3/3
Working on loop 5/5, 3/5, 2/3, 3/3, 1/3
Working on loop 5/5, 3/5, 2/3, 3/3, 2/3
Working on loop 5/5, 3/5, 2/3, 3/3, 3/3
Working on loop 5/5, 3/5, 3/3, 1/3, 1/3
Working on loop 5/5, 3/5, 3/3, 1/3, 2/3
Working on loop 5/5, 3/5, 3/3, 1/3, 3/3
Working on loop 5/5, 3/5, 3/3, 2/3, 1/3
Working on loop 5/5, 3/5, 3/3, 2/3, 2/3
Working on loop 5/5, 3/5, 3/3, 2/3, 3/3
Working on loop 5/5, 3/5, 3/3, 3/3, 1/3
Working on loop 5/5, 3/5, 3/3, 3/3, 2/3
Working on loop 5/5, 3/5, 3/3, 3/3, 3/3
Working on loop 5/5, 4/5, 1/3, 1/3, 1/3
Working on loop 5/5, 4/5, 1/3, 1/3, 2/3
Working on loop 5/5, 4/5, 1/3, 1/3, 3/3
Working on loop 5/5, 4/5, 1/3, 2/3, 1/3
Working on loop 5/5, 4/5, 1/3, 2/3, 2/3
Working on loop 5/5, 4/5, 1/3, 2/3, 3/3
Working on loop 5/5, 4/5, 1/3, 3/3, 1/3
Working on loop 5/5, 4/5, 1/3, 3/3, 2/3
Working on loop 5/5, 4/5, 1/3, 3/3, 3/3
Working on loop 5/5, 4/5, 2/3, 1/3, 1/3
Working on loop 5/5, 4/5, 2/3, 1/3, 2/3
Working on loop 5/5, 4/5, 2/3, 1/3, 3/3
Working on loop 5/5, 4/5, 2/3, 2/3, 1/3
Working on loop 5/5, 4/5, 2/3, 2/3, 2/3
Working on loop 5/5, 4/5, 2/3, 2/3, 3/3
Working on loop 5/5, 4/5, 2/3, 3/3, 1/3
Working on loop 5/5, 4/5, 2/3, 3/3, 2/3
Working on loop 5/5, 4/5, 2/3, 3/3, 3/3
Working on loop 5/5, 4/5, 3/3, 1/3, 1/3
Working on loop 5/5, 4/5, 3/3, 1/3, 2/3
Working on loop 5/5, 4/5, 3/3, 1/3, 3/3
Working on loop 5/5, 4/5, 3/3, 2/3, 1/3
Working on loop 5/5, 4/5, 3/3, 2/3, 2/3
Working on loop 5/5, 4/5, 3/3, 2/3, 3/3
Working on loop 5/5, 4/5, 3/3, 3/3, 1/3
Working on loop 5/5, 4/5, 3/3, 3/3, 2/3
Working on loop 5/5, 4/5, 3/3, 3/3, 3/3
Working on loop 5/5, 5/5, 1/3, 1/3, 1/3
Working on loop 5/5, 5/5, 1/3, 1/3, 2/3
Working on loop 5/5, 5/5, 1/3, 1/3, 3/3
Working on loop 5/5, 5/5, 1/3, 2/3, 1/3
Working on loop 5/5, 5/5, 1/3, 2/3, 2/3
Working on loop 5/5, 5/5, 1/3, 2/3, 3/3
Working on loop 5/5, 5/5, 1/3, 3/3, 1/3
Working on loop 5/5, 5/5, 1/3, 3/3, 2/3
Working on loop 5/5, 5/5, 1/3, 3/3, 3/3
Working on loop 5/5, 5/5, 2/3, 1/3, 1/3
Working on loop 5/5, 5/5, 2/3, 1/3, 2/3
Working on loop 5/5, 5/5, 2/3, 1/3, 3/3
Working on loop 5/5, 5/5, 2/3, 2/3, 1/3
Working on loop 5/5, 5/5, 2/3, 2/3, 2/3
Working on loop 5/5, 5/5, 2/3, 2/3, 3/3
Working on loop 5/5, 5/5, 2/3, 3/3, 1/3
Working on loop 5/5, 5/5, 2/3, 3/3, 2/3
Working on loop 5/5, 5/5, 2/3, 3/3, 3/3
Working on loop 5/5, 5/5, 3/3, 1/3, 1/3
Working on loop 5/5, 5/5, 3/3, 1/3, 2/3
Working on loop 5/5, 5/5, 3/3, 1/3, 3/3
Working on loop 5/5, 5/5, 3/3, 2/3, 1/3
Working on loop 5/5, 5/5, 3/3, 2/3, 2/3
Working on loop 5/5, 5/5, 3/3, 2/3, 3/3
Working on loop 5/5, 5/5, 3/3, 3/3, 1/3
Working on loop 5/5, 5/5, 3/3, 3/3, 2/3
Working on loop 5/5, 5/5, 3/3, 3/3, 3/3
5
JobId=42423153 JobName=scrapeMinP
   UserId=freem386(6187794) GroupId=pa(2003) MCS_label=N/A
   Priority=60115 Nice=0 Account=general QOS=freem386
   JobState=RUNNING Reason=None Dependency=(null)
   Requeue=1 Restarts=0 BatchFlag=1 Reboot=0 ExitCode=0:0
   RunTime=00:09:40 TimeLimit=01:59:00 TimeMin=N/A
   SubmitTime=2024-08-26T15:13:44 EligibleTime=2024-08-26T15:13:44
   AccrueTime=2024-08-26T15:13:44
   StartTime=2024-08-26T15:13:44 EndTime=2024-08-26T17:12:44 Deadline=N/A
   SuspendTime=None SecsPreSuspend=0 LastSchedEval=2024-08-26T15:13:44 Scheduler=Main
   Partition=general-long AllocNode:Sid=dev-amd20:2475276
   ReqNodeList=(null) ExcNodeList=(null)
   NodeList=skl-105
   BatchHost=skl-105
   NumNodes=1 NumCPUs=20 NumTasks=20 CPUs/Task=1 ReqB:S:C:T=0:0:*:*
   ReqTRES=cpu=20,mem=40G,node=1,billing=6225
   AllocTRES=cpu=20,mem=40G,node=1,billing=6225
   Socks/Node=* NtasksPerN:B:S:C=0:0:*:* CoreSpec=*
   MinCPUsNode=1 MinMemoryCPU=2G MinTmpDiskNode=0
   Features=[intel14|intel16|intel18|(amr|acm)|nvf|nal|nif] DelayBoot=00:00:00
   OverSubscribe=OK Contiguous=0 Licenses=(null) Network=(null)
   Command=/mnt/ufs18/home-241/freem386/CMSE_PhD/athena_files/submission_gen_min_pressure.sb
   WorkDir=/mnt/ufs18/home-241/freem386/CMSE_PhD/athena_files
   Comment=stdout=/mnt/ufs18/home-241/freem386/CMSE_PhD/athena_files/slurm-42423153.out 
   StdErr=/mnt/ufs18/home-241/freem386/CMSE_PhD/athena_files/slurm-42423153.out
   StdIn=/dev/null
   StdOut=/mnt/ufs18/home-241/freem386/CMSE_PhD/athena_files/slurm-42423153.out
   Power=
   MailUser=freem386@msu.edu MailType=INVALID_DEPEND,BEGIN,END,FAIL,REQUEUE,STAGE_OUT
   

