number of files:  401
/mnt/ufs18/home-241/freem386/CMSE_PhD/athena_files/makeMovie.py:30: RuntimeWarning: Mean of empty slice
  print("Writing index ", index, " \nEstimated time remaining: ", (fn-index)*np.nanmean(times), flush=True)
Writing index  0  
Estimated time remaining:  nan
Writing index  1  
Estimated time remaining:  4654.615615367889
Writing index  2  
Estimated time remaining:  4777.018318414688
Writing index  3  
Estimated time remaining:  4807.434369087219
Writing index  4  
Estimated time remaining:  4795.602350234985
Writing index  5  
Estimated time remaining:  4799.5059497356415
Writing index  6  
Estimated time remaining:  4785.697074015936
Writing index  7  
Estimated time remaining:  4762.4280091013225
Writing index  8  
Estimated time remaining:  4758.320448875427
Writing index  9  
Estimated time remaining:  4745.594812870026
Writing index  10  
Estimated time remaining:  4735.609253168106
Writing index  11  
Estimated time remaining:  4717.625177079981
Writing index  12  
Estimated time remaining:  4710.555770158768
Writing index  13  
Estimated time remaining:  4702.110571806248
Writing index  14  
Estimated time remaining:  4686.512158768518
Writing index  15  
Estimated time remaining:  4673.588403304418
Writing index  16  
Estimated time remaining:  4659.462181091309
Writing index  17  
Estimated time remaining:  4649.066202738706
Writing index  18  
Estimated time remaining:  4638.36663863394
Writing index  19  
Estimated time remaining:  4627.459627352263
Writing index  20  
Estimated time remaining:  4610.463767051697
Writing index  21  
Estimated time remaining:  4601.686596143813
Writing index  22  
Estimated time remaining:  4593.911610538309
Writing index  23  
Estimated time remaining:  4587.3116584653435
Writing index  24  
Estimated time remaining:  4575.043274402618
Writing index  25  
Estimated time remaining:  4564.160685539246
Writing index  26  
Estimated time remaining:  4549.802134568874
Writing index  27  
Estimated time remaining:  4540.601082863631
Writing index  28  
Estimated time remaining:  4534.128143446786
Writing index  29  
Estimated time remaining:  4522.264480582599
Writing index  30  
Estimated time remaining:  4509.424820820491
Writing index  31  
Estimated time remaining:  4495.573012844209
Writing index  32  
Estimated time remaining:  4479.300748229027
Writing index  33  
Estimated time remaining:  4470.570648410104
Writing index  34  
Estimated time remaining:  4458.81182775778
Writing index  35  
Estimated time remaining:  4444.2180960178375
Writing index  36  
Estimated time remaining:  4428.67052857081
Writing index  37  
Estimated time remaining:  4414.393984755954
Writing index  38  
Estimated time remaining:  4404.3835544711665
Writing index  39  
Estimated time remaining:  4388.926023544409
Writing index  40  
Estimated time remaining:  4374.084253549576
Writing index  41  
Estimated time remaining:  4361.769840542863
Writing index  42  
Estimated time remaining:  4348.77961682138
Writing index  43  
Estimated time remaining:  4337.524024353471
Writing index  44  
Estimated time remaining:  4324.615905371579
Writing index  45  
Estimated time remaining:  4310.255477084054
Writing index  46  
Estimated time remaining:  4295.625038312829
Writing index  47  
Estimated time remaining:  4282.512085326174
Writing index  48  
Estimated time remaining:  4271.202857335409
Writing index  49  
Estimated time remaining:  4256.919263143929
Writing index  50  
Estimated time remaining:  4245.242996454239
Writing index  51  
Estimated time remaining:  4231.38666267956
Writing index  52  
Estimated time remaining:  4216.848217689074
Writing index  53  
Estimated time remaining:  4207.7988946167925
Writing index  54  
Estimated time remaining:  4194.6899225800125
Writing index  55  
Estimated time remaining:  4183.394184285944
Writing index  56  
Estimated time remaining:  4172.594276632582
Writing index  57  
Estimated time remaining:  4160.666474024454
Writing index  58  
Estimated time remaining:  4150.253858352529
Writing index  59  
Estimated time remaining:  4137.989136243271
Writing index  60  
Estimated time remaining:  4125.4386130174
Writing index  61  
Estimated time remaining:  4113.134224539897
Writing index  62  
Estimated time remaining:  4101.13381768042
Writing index  63  
Estimated time remaining:  4093.150038162867
Writing index  64  
Estimated time remaining:  4080.1519882678986
Writing index  65  
Estimated time remaining:  4067.9169821555797
Writing index  66  
Estimated time remaining:  4054.8695734125195
Writing index  67  
Estimated time remaining:  4041.450989826402
Writing index  68  
Estimated time remaining:  4028.578170257456
Writing index  69  
Estimated time remaining:  4016.6912792869234
Writing index  70  
Estimated time remaining:  4003.2667688982824
Writing index  71  
Estimated time remaining:  3992.908641173806
Writing index  72  
Estimated time remaining:  3983.5100600454543
Writing index  73  
Estimated time remaining:  3973.2753930222502
Writing index  74  
Estimated time remaining:  3963.1389092754675
Writing index  75  
Estimated time remaining:  3953.632245461146
Writing index  76  
Estimated time remaining:  3943.5313083623582
Writing index  77  
Estimated time remaining:  3934.4658824964004
Writing index  78  
Estimated time remaining:  3925.3277076941267
Writing index  79  
Estimated time remaining:  3916.756019055089
Writing index  80  
Estimated time remaining:  3907.388360977173
Writing index  81  
Estimated time remaining:  3897.439973828233
Writing index  82  
Estimated time remaining:  3887.7817250054054
Writing index  83  
Estimated time remaining:  3878.952990905348
Writing index  84  
Estimated time remaining:  3870.073773883638
Writing index  85  
Estimated time remaining:  3860.5692522525787
Writing index  86  
Estimated time remaining:  3850.736185705939
Writing index  87  
Estimated time remaining:  3840.7632841981695
Writing index  88  
Estimated time remaining:  3830.0876615914435
Writing index  89  
Estimated time remaining:  3819.1506709784603
Writing index  90  
Estimated time remaining:  3809.072681744893
Writing index  91  
Estimated time remaining:  3798.1377097905333
Writing index  92  
Estimated time remaining:  3787.23366856575
Writing index  93  
Estimated time remaining:  3776.6638466978584
Writing index  94  
Estimated time remaining:  3765.5556681663434
Writing index  95  
Estimated time remaining:  3754.254022410041
Writing index  96  
Estimated time remaining:  3743.503650744756
Writing index  97  
Estimated time remaining:  3732.3704640693268
Writing index  98  
Estimated time remaining:  3721.0509328647536
Writing index  99  
Estimated time remaining:  3709.5445686446296
Writing index  100  
Estimated time remaining:  3698.1567392349243
Writing index  101  
Estimated time remaining:  3686.7835030414094
Writing index  102  
Estimated time remaining:  3675.235185772765
Writing index  103  
Estimated time remaining:  3663.246106874595
Writing index  104  
Estimated time remaining:  3652.3080430581017
Writing index  105  
Estimated time remaining:  3640.7095948628016
Writing index  106  
Estimated time remaining:  3629.0037319030403
Writing index  107  
Estimated time remaining:  3617.4594641489407
Writing index  108  
Estimated time remaining:  3606.1664155235994
Writing index  109  
Estimated time remaining:  3594.6991002428426
Writing index  110  
Estimated time remaining:  3583.09454183145
Writing index  111  
Estimated time remaining:  3571.9340552660797
Writing index  112  
Estimated time remaining:  3560.620341845921
Writing index  113  
Estimated time remaining:  3549.0774829872944
Writing index  114  
Estimated time remaining:  3537.7186935617215
Writing index  115  
Estimated time remaining:  3526.1404669388485
Writing index  116  
Estimated time remaining:  3514.4427685490973
Writing index  117  
Estimated time remaining:  3502.9446917497194
Writing index  118  
Estimated time remaining:  3491.4154731904046
Writing index  119  
Estimated time remaining:  3479.818332539887
Writing index  120  
Estimated time remaining:  3468.5021629333496
Writing index  121  
Estimated time remaining:  3456.719643435202
Writing index  122  
Estimated time remaining:  3444.860797936799
Writing index  123  
Estimated time remaining:  3433.375192900014
Writing index  124  
Estimated time remaining:  3421.769383884245
Writing index  125  
Estimated time remaining:  3410.0304431915283
Writing index  126  
Estimated time remaining:  3398.455773115158
Writing index  127  
Estimated time remaining:  3386.4578461309115
Writing index  128  
Estimated time remaining:  3374.6549531519413
Writing index  129  
Estimated time remaining:  3363.0267857008203
Writing index  130  
Estimated time remaining:  3351.02463054657
Writing index  131  
Estimated time remaining:  3339.6280157129277
Writing index  132  
Estimated time remaining:  3327.3203280766807
Writing index  133  
Estimated time remaining:  3315.139149981334
Writing index  134  
Estimated time remaining:  3302.6582366317066
Writing index  135  
Estimated time remaining:  3289.3054293526543
Writing index  136  
Estimated time remaining:  3276.3394583954528
Writing index  137  
Estimated time remaining:  3263.6480228187393
Writing index  138  
Estimated time remaining:  3250.9443342063737
Writing index  139  
Estimated time remaining:  3238.8014585988985
Writing index  140  
Estimated time remaining:  3226.9097171851568
Writing index  141  
Estimated time remaining:  3214.221546034441
Writing index  142  
Estimated time remaining:  3201.099120331482
Writing index  143  
Estimated time remaining:  3188.295760033014
Writing index  144  
Estimated time remaining:  3176.1159006754556
Writing index  145  
Estimated time remaining:  3163.6956344308524
Writing index  146  
Estimated time remaining:  3151.03258310932
Writing index  147  
Estimated time remaining:  3138.460284116317
Writing index  148  
Estimated time remaining:  3126.705059244826
Writing index  149  
Estimated time remaining:  3114.1774709576725
Writing index  150  
Estimated time remaining:  3101.472987731298
Writing index  151  
Estimated time remaining:  3089.0100372753395
Writing index  152  
Estimated time remaining:  3076.475569172909
Writing index  153  
Estimated time remaining:  3064.9384408386704
Writing index  154  
Estimated time remaining:  3052.727711380302
Writing index  155  
Estimated time remaining:  3040.2818512916565
Writing index  156  
Estimated time remaining:  3028.272873725646
Writing index  157  
Estimated time remaining:  3015.5648140254293
Writing index  158  
Estimated time remaining:  3002.9012406536294
Writing index  159  
Estimated time remaining:  2990.5751302392227
Writing index  160  
Estimated time remaining:  2978.2309613227844
Writing index  161  
Estimated time remaining:  2965.682283872403
Writing index  162  
Estimated time remaining:  2954.1576634925086
Writing index  163  
Estimated time remaining:  2942.7359597858476
Writing index  164  
Estimated time remaining:  2930.8530393170145
Writing index  165  
Estimated time remaining:  2918.7376224705667
Writing index  166  
Estimated time remaining:  2906.7101264201015
Writing index  167  
Estimated time remaining:  2894.781971907187
Writing index  168  
Estimated time remaining:  2882.978779372715
Writing index  169  
Estimated time remaining:  2870.9763449776106
Writing index  170  
Estimated time remaining:  2858.9107387486624
Writing index  171  
Estimated time remaining:  2846.733783908755
Writing index  172  
Estimated time remaining:  2834.7545475682546
Writing index  173  
Estimated time remaining:  2822.69577098444
Writing index  174  
Estimated time remaining:  2810.9016049977004
Writing index  175  
Estimated time remaining:  2798.2334301812307
Writing index  176  
Estimated time remaining:  2786.1197442141447
Writing index  177  
Estimated time remaining:  2773.86952788951
Writing index  178  
Estimated time remaining:  2761.432188773423
Writing index  179  
Estimated time remaining:  2749.0775316094555
Writing index  180  
Estimated time remaining:  2736.4965606530504
Writing index  181  
Estimated time remaining:  2724.624506207461
Writing index  182  
Estimated time remaining:  2712.5387215692917
Writing index  183  
Estimated time remaining:  2700.3517621983597
Writing index  184  
Estimated time remaining:  2688.1450476750083
Writing index  185  
Estimated time remaining:  2676.0486277825125
Writing index  186  
Estimated time remaining:  2663.8444465078333
Writing index  187  
Estimated time remaining:  2651.619752260453
Writing index  188  
Estimated time remaining:  2639.2891106504076
Writing index  189  
Estimated time remaining:  2626.841192699614
Writing index  190  
Estimated time remaining:  2614.600153722261
Writing index  191  
Estimated time remaining:  2602.3289668909542
Writing index  192  
Estimated time remaining:  2590.01177640756
Writing index  193  
Estimated time remaining:  2577.3184826707593
Writing index  194  
Estimated time remaining:  2564.6493165984593
Writing index  195  
Estimated time remaining:  2551.8660133496305
Writing index  196  
Estimated time remaining:  2539.1165466989787
Writing index  197  
Estimated time remaining:  2526.1328025699268
Writing index  198  
Estimated time remaining:  2514.102419308942
Writing index  199  
Estimated time remaining:  2501.453704798042
Writing index  200  
Estimated time remaining:  2488.5719776153564
Writing index  201  
Estimated time remaining:  2475.696412367607
Writing index  202  
Estimated time remaining:  2463.2902288177224
Writing index  203  
Estimated time remaining:  2450.6984011598406
Writing index  204  
Estimated time remaining:  2438.109638751722
Writing index  205  
Estimated time remaining:  2425.268638215414
Writing index  206  
Estimated time remaining:  2412.815538586922
Writing index  207  
Estimated time remaining:  2400.1188189326854
Writing index  208  
Estimated time remaining:  2387.5241537827715
Writing index  209  
Estimated time remaining:  2374.7010516538576
Writing index  210  
Estimated time remaining:  2361.7403980777376
Writing index  211  
Estimated time remaining:  2349.1007852927205
Writing index  212  
Estimated time remaining:  2336.3847203389655
Writing index  213  
Estimated time remaining:  2323.709924881447
Writing index  214  
Estimated time remaining:  2311.0106764575035
Writing index  215  
Estimated time remaining:  2298.488696325657
Writing index  216  
Estimated time remaining:  2286.270416233275
Writing index  217  
Estimated time remaining:  2273.656117995214
Writing index  218  
Estimated time remaining:  2261.3239595955665
Writing index  219  
Estimated time remaining:  2248.3853600678376
Writing index  220  
Estimated time remaining:  2235.94852085547
Writing index  221  
Estimated time remaining:  2223.4838080967174
Writing index  222  
Estimated time remaining:  2210.9645960502794
Writing index  223  
Estimated time remaining:  2198.5799465542955
Writing index  224  
Estimated time remaining:  2186.1177310092107
Writing index  225  
Estimated time remaining:  2173.603094816208
Writing index  226  
Estimated time remaining:  2160.8203765945095
Writing index  227  
Estimated time remaining:  2148.026207534227
Writing index  228  
Estimated time remaining:  2135.4202987227522
Writing index  229  
Estimated time remaining:  2123.0074849899156
Writing index  230  
Estimated time remaining:  2110.745966600335
Writing index  231  
Estimated time remaining:  2098.7061626766667
Writing index  232  
Estimated time remaining:  2086.356421191117
Writing index  233  
Estimated time remaining:  2073.8991530166672
Writing index  234  
Estimated time remaining:  2061.32972420994
Writing index  235  
Estimated time remaining:  2049.028412331926
Writing index  236  
Estimated time remaining:  2036.4927827342083
Writing index  237  
Estimated time remaining:  2023.9804320405808
Writing index  238  
Estimated time remaining:  2011.6093309146017
Writing index  239  
Estimated time remaining:  1999.3627133997911
Writing index  240  
Estimated time remaining:  1987.2283091545105
Writing index  241  
Estimated time remaining:  1975.1975954597915
Writing index  242  
Estimated time remaining:  1963.337969866666
Writing index  243  
Estimated time remaining:  1951.3109897389825
Writing index  244  
Estimated time remaining:  1939.351712946032
Writing index  245  
Estimated time remaining:  1927.0202919074468
Writing index  246  
Estimated time remaining:  1914.8922649534736
Writing index  247  
Estimated time remaining:  1902.9585033775825
Writing index  248  
Estimated time remaining:  1890.9385403663882
Writing index  249  
Estimated time remaining:  1878.9210161195701
Writing index  250  
Estimated time remaining:  1866.7920769214631
Writing index  251  
Estimated time remaining:  1854.7263469914517
Writing index  252  
Estimated time remaining:  1842.3402832841118
Writing index  253  
Estimated time remaining:  1830.1346509268162
Writing index  254  
Estimated time remaining:  1817.9050778591727
Writing index  255  
Estimated time remaining:  1805.8256425904294
Writing index  256  
Estimated time remaining:  1793.8746078908443
Writing index  257  
Estimated time remaining:  1781.6700215914834
Writing index  258  
Estimated time remaining:  1769.5179181413134
Writing index  259  
Estimated time remaining:  1757.3259449290492
Writing index  260  
Estimated time remaining:  1745.1028478879193
Writing index  261  
Estimated time remaining:  1732.987187581044
Writing index  262  
Estimated time remaining:  1720.6541063421555
Writing index  263  
Estimated time remaining:  1708.392676352548
Writing index  264  
Estimated time remaining:  1696.0460323348188
Writing index  265  
Estimated time remaining:  1683.9433412911758
Writing index  266  
Estimated time remaining:  1671.7489658854063
Writing index  267  
Estimated time remaining:  1659.5040935594936
Writing index  268  
Estimated time remaining:  1647.177229343955
Writing index  269  
Estimated time remaining:  1634.8803721839167
Writing index  270  
Estimated time remaining:  1622.628872588829
/var/lib/slurmd/job36102222/slurm_script: line 29: 30851 Killed                  python makeMovie.py
JobId=36102222 JobName=makeMovie
   UserId=freem386(6187794) GroupId=pa(2003) MCS_label=N/A
   Priority=59072 Nice=0 Account=general QOS=freem386
   JobState=RUNNING Reason=None Dependency=(null)
   Requeue=1 Restarts=0 BatchFlag=1 Reboot=0 ExitCode=0:0
   RunTime=00:57:02 TimeLimit=03:59:00 TimeMin=N/A
   SubmitTime=2024-05-31T16:10:43 EligibleTime=2024-05-31T16:10:43
   AccrueTime=2024-05-31T16:10:43
   StartTime=2024-05-31T16:10:52 EndTime=2024-05-31T20:09:52 Deadline=N/A
   SuspendTime=None SecsPreSuspend=0 LastSchedEval=2024-05-31T16:10:52 Scheduler=Main
   Partition=general-short AllocNode:Sid=dev-intel18:30392
   ReqNodeList=(null) ExcNodeList=(null)
   NodeList=lac-077
   BatchHost=lac-077
   NumNodes=1 NumCPUs=1 NumTasks=1 CPUs/Task=1 ReqB:S:C:T=0:0:*:*
   ReqTRES=cpu=1,mem=32G,node=1,billing=4980
   AllocTRES=cpu=1,mem=32G,node=1,billing=4980
   Socks/Node=* NtasksPerN:B:S:C=0:0:*:* CoreSpec=*
   MinCPUsNode=1 MinMemoryCPU=32G MinTmpDiskNode=0
   Features=[intel14|intel16|intel18|(amr|acm)|nvf|nal|nif] DelayBoot=00:00:00
   OverSubscribe=OK Contiguous=0 Licenses=(null) Network=(null)
   Command=/mnt/ufs18/home-241/freem386/CMSE_PhD/athena_files/submissionMakeMovie.sb
   WorkDir=/mnt/ufs18/home-241/freem386/CMSE_PhD/athena_files
   Comment=stdout=/mnt/ufs18/home-241/freem386/CMSE_PhD/athena_files/slurm-36102222.out 
   StdErr=/mnt/ufs18/home-241/freem386/CMSE_PhD/athena_files/slurm-36102222.out
   StdIn=/dev/null
   StdOut=/mnt/ufs18/home-241/freem386/CMSE_PhD/athena_files/slurm-36102222.out
   Power=
   MailUser=freem386@msu.edu MailType=INVALID_DEPEND,BEGIN,END,FAIL,REQUEUE,STAGE_OUT
   

slurmstepd: error: Detected 1 oom_kill event in StepId=36102222.batch. Some of the step tasks have been OOM Killed.
